DEB [20230716-20:28:04.520] thr=1   paramiko.transport: starting thread (client mode): 0x71e612b0
DEB [20230716-20:28:04.528] thr=1   paramiko.transport: Local version/idstring: SSH-2.0-paramiko_2.12.0
DEB [20230716-20:28:05.126] thr=1   paramiko.transport: Remote version/idstring: SSH-2.0-OpenSSH_8.2p1 Ubuntu-4ubuntu0.7
INF [20230716-20:28:05.126] thr=1   paramiko.transport: Connected (version 2.0, client OpenSSH_8.2p1)
DEB [20230716-20:28:05.246] thr=1   paramiko.transport: === Key exchange possibilities ===
DEB [20230716-20:28:05.246] thr=1   paramiko.transport: kex algos: curve25519-sha256, curve25519-sha256@libssh.org, ecdh-sha2-nistp256, ecdh-sha2-nistp384, ecdh-sha2-nistp521, diffie-hellman-group-exchange-sha256, diffie-hellman-group16-sha512, diffie-hellman-group18-sha512, diffie-hellman-group14-sha256
DEB [20230716-20:28:05.246] thr=1   paramiko.transport: server key: rsa-sha2-512, rsa-sha2-256, ssh-rsa, ecdsa-sha2-nistp256, ssh-ed25519
DEB [20230716-20:28:05.246] thr=1   paramiko.transport: client encrypt: chacha20-poly1305@openssh.com, aes128-ctr, aes192-ctr, aes256-ctr, aes128-gcm@openssh.com, aes256-gcm@openssh.com
DEB [20230716-20:28:05.246] thr=1   paramiko.transport: server encrypt: chacha20-poly1305@openssh.com, aes128-ctr, aes192-ctr, aes256-ctr, aes128-gcm@openssh.com, aes256-gcm@openssh.com
DEB [20230716-20:28:05.246] thr=1   paramiko.transport: client mac: umac-64-etm@openssh.com, umac-128-etm@openssh.com, hmac-sha2-256-etm@openssh.com, hmac-sha2-512-etm@openssh.com, hmac-sha1-etm@openssh.com, umac-64@openssh.com, umac-128@openssh.com, hmac-sha2-256, hmac-sha2-512, hmac-sha1
DEB [20230716-20:28:05.246] thr=1   paramiko.transport: server mac: umac-64-etm@openssh.com, umac-128-etm@openssh.com, hmac-sha2-256-etm@openssh.com, hmac-sha2-512-etm@openssh.com, hmac-sha1-etm@openssh.com, umac-64@openssh.com, umac-128@openssh.com, hmac-sha2-256, hmac-sha2-512, hmac-sha1
DEB [20230716-20:28:05.246] thr=1   paramiko.transport: client compress: none, zlib@openssh.com
DEB [20230716-20:28:05.246] thr=1   paramiko.transport: server compress: none, zlib@openssh.com
DEB [20230716-20:28:05.246] thr=1   paramiko.transport: client lang: <none>
DEB [20230716-20:28:05.246] thr=1   paramiko.transport: server lang: <none>
DEB [20230716-20:28:05.246] thr=1   paramiko.transport: kex follows: False
DEB [20230716-20:28:05.246] thr=1   paramiko.transport: === Key exchange agreements ===
DEB [20230716-20:28:05.247] thr=1   paramiko.transport: Kex: curve25519-sha256@libssh.org
DEB [20230716-20:28:05.247] thr=1   paramiko.transport: HostKey: ecdsa-sha2-nistp256
DEB [20230716-20:28:05.247] thr=1   paramiko.transport: Cipher: aes128-ctr
DEB [20230716-20:28:05.247] thr=1   paramiko.transport: MAC: hmac-sha2-256
DEB [20230716-20:28:05.247] thr=1   paramiko.transport: Compression: none
DEB [20230716-20:28:05.247] thr=1   paramiko.transport: === End of kex handshake ===
DEB [20230716-20:28:06.228] thr=1   paramiko.transport: kex engine KexCurve25519 specified hash_algo <built-in function openssl_sha256>
DEB [20230716-20:28:06.245] thr=1   paramiko.transport: Switch to new keys ...
DEB [20230716-20:28:06.271] thr=1   paramiko.transport: Got EXT_INFO: {'server-sig-algs': b'ssh-ed25519,sk-ssh-ed25519@openssh.com,ssh-rsa,rsa-sha2-256,rsa-sha2-512,ssh-dss,ecdsa-sha2-nistp256,ecdsa-sha2-nistp384,ecdsa-sha2-nistp521,sk-ecdsa-sha2-nistp256@openssh.com'}
DEB [20230716-20:28:06.289] thr=2   paramiko.transport: Trying discovered key b'ab82043dc3a47e4b372fff3254c04350' in /home/ussumane/.ssh/id_rsa
DEB [20230716-20:28:06.873] thr=1   paramiko.transport: userauth is OK
DEB [20230716-20:28:06.873] thr=1   paramiko.transport: Finalizing pubkey algorithm for key of type 'ssh-rsa'
DEB [20230716-20:28:06.873] thr=1   paramiko.transport: Our pubkey algorithm list: ['rsa-sha2-512', 'rsa-sha2-256', 'ssh-rsa']
DEB [20230716-20:28:06.873] thr=1   paramiko.transport: Server-side algorithm list: ['ssh-ed25519', 'sk-ssh-ed25519@openssh.com', 'ssh-rsa', 'rsa-sha2-256', 'rsa-sha2-512', 'ssh-dss', 'ecdsa-sha2-nistp256', 'ecdsa-sha2-nistp384', 'ecdsa-sha2-nistp521', 'sk-ecdsa-sha2-nistp256@openssh.com']
DEB [20230716-20:28:06.873] thr=1   paramiko.transport: Agreed upon 'rsa-sha2-512' pubkey algorithm
INF [20230716-20:28:07.826] thr=1   paramiko.transport: Authentication (publickey) successful!
DEB [20230716-20:28:07.829] thr=2   paramiko.transport: [chan 0] Max packet in: 32768 bytes
DEB [20230716-20:28:09.682] thr=1   paramiko.transport: Received global request "hostkeys-00@openssh.com"
DEB [20230716-20:28:09.683] thr=1   paramiko.transport: Rejecting "hostkeys-00@openssh.com" global request from server.
DEB [20230716-20:28:09.683] thr=1   paramiko.transport: Debug msg: b'/home/ubuntu/.ssh/authorized_keys:2: key options: agent-forwarding port-forwarding pty user-rc x11-forwarding'
DEB [20230716-20:28:10.311] thr=1   paramiko.transport: [chan 0] Max packet out: 32768 bytes
DEB [20230716-20:28:10.311] thr=1   paramiko.transport: Secsh channel 0 opened.
DEB [20230716-20:28:10.730] thr=1   paramiko.transport: [chan 0] Sesch channel 0 request ok
INF [20230716-20:28:11.052] thr=2   paramiko.transport.sftp: [chan 0] Opened sftp connection (server version 3)
DEB [20230716-20:28:11.053] thr=2   paramiko.transport.sftp: [chan 0] normalize(b'.')
DEB [20230716-20:28:11.391] thr=2   paramiko.transport.sftp: [chan 0] lstat(b'/tmp')
DEB [20230716-20:28:11.821] thr=2   paramiko.transport.sftp: [chan 0] stat(b'/tmp')
DEB [20230716-20:28:12.153] thr=2   paramiko.transport.sftp: [chan 0] open(b'/tmp/web_static_20230716201929.tgz', 'wb')
DEB [20230716-20:28:12.627] thr=2   paramiko.transport.sftp: [chan 0] open(b'/tmp/web_static_20230716201929.tgz', 'wb') -> 00000000
DEB [20230716-20:28:12.633] thr=2   paramiko.transport.sftp: [chan 0] close(00000000)
DEB [20230716-20:28:13.328] thr=2   paramiko.transport.sftp: [chan 0] stat(b'/tmp/web_static_20230716201929.tgz')
INF [20230716-20:28:13.582] thr=2   paramiko.transport.sftp: [chan 0] sftp session closed.
DEB [20230716-20:28:13.583] thr=2   paramiko.transport: [chan 0] EOF sent (0)
DEB [20230716-20:28:13.583] thr=2   paramiko.transport: [chan 1] Max packet in: 32768 bytes
DEB [20230716-20:28:13.870] thr=1   paramiko.transport: [chan 0] EOF received (0)
DEB [20230716-20:28:14.158] thr=1   paramiko.transport: [chan 1] Max packet out: 32768 bytes
DEB [20230716-20:28:14.158] thr=1   paramiko.transport: Secsh channel 1 opened.
DEB [20230716-20:28:14.919] thr=1   paramiko.transport: [chan 1] Sesch channel 1 request ok
DEB [20230716-20:28:15.252] thr=1   paramiko.transport: [chan 1] Sesch channel 1 request ok
DEB [20230716-20:28:15.504] thr=1   paramiko.transport: [chan 1] EOF received (1)
DEB [20230716-20:28:15.505] thr=1   paramiko.transport: [chan 1] EOF sent (1)
DEB [20230716-20:28:15.514] thr=2   paramiko.transport: [chan 2] Max packet in: 32768 bytes
DEB [20230716-20:28:16.292] thr=1   paramiko.transport: [chan 2] Max packet out: 32768 bytes
DEB [20230716-20:28:16.292] thr=1   paramiko.transport: Secsh channel 2 opened.
DEB [20230716-20:28:16.606] thr=1   paramiko.transport: [chan 2] Sesch channel 2 request ok
DEB [20230716-20:28:16.916] thr=1   paramiko.transport: [chan 2] Sesch channel 2 request ok
DEB [20230716-20:28:16.936] thr=1   paramiko.transport: [chan 2] EOF received (2)
DEB [20230716-20:28:16.937] thr=1   paramiko.transport: [chan 2] EOF sent (2)
DEB [20230716-20:28:16.939] thr=2   paramiko.transport: [chan 3] Max packet in: 32768 bytes
DEB [20230716-20:28:17.627] thr=1   paramiko.transport: [chan 3] Max packet out: 32768 bytes
DEB [20230716-20:28:17.627] thr=1   paramiko.transport: Secsh channel 3 opened.
DEB [20230716-20:28:17.913] thr=1   paramiko.transport: [chan 3] Sesch channel 3 request ok
DEB [20230716-20:28:18.210] thr=1   paramiko.transport: [chan 3] Sesch channel 3 request ok
DEB [20230716-20:28:18.219] thr=1   paramiko.transport: [chan 3] EOF received (3)
DEB [20230716-20:28:18.220] thr=1   paramiko.transport: [chan 3] EOF sent (3)
DEB [20230716-20:28:18.222] thr=2   paramiko.transport: [chan 4] Max packet in: 32768 bytes
DEB [20230716-20:28:18.919] thr=1   paramiko.transport: [chan 4] Max packet out: 32768 bytes
DEB [20230716-20:28:18.919] thr=1   paramiko.transport: Secsh channel 4 opened.
DEB [20230716-20:28:19.185] thr=1   paramiko.transport: [chan 4] Sesch channel 4 request ok
DEB [20230716-20:28:19.657] thr=1   paramiko.transport: [chan 4] Sesch channel 4 request ok
DEB [20230716-20:28:19.686] thr=1   paramiko.transport: [chan 4] EOF received (4)
DEB [20230716-20:28:19.687] thr=1   paramiko.transport: [chan 4] EOF sent (4)
DEB [20230716-20:28:19.691] thr=2   paramiko.transport: [chan 5] Max packet in: 32768 bytes
DEB [20230716-20:28:20.275] thr=1   paramiko.transport: [chan 5] Max packet out: 32768 bytes
DEB [20230716-20:28:20.276] thr=1   paramiko.transport: Secsh channel 5 opened.
DEB [20230716-20:28:20.619] thr=1   paramiko.transport: [chan 5] Sesch channel 5 request ok
DEB [20230716-20:28:20.964] thr=1   paramiko.transport: [chan 5] Sesch channel 5 request ok
DEB [20230716-20:28:20.979] thr=1   paramiko.transport: [chan 5] EOF received (5)
DEB [20230716-20:28:20.981] thr=1   paramiko.transport: [chan 5] EOF sent (5)
DEB [20230716-20:28:20.987] thr=2   paramiko.transport: [chan 6] Max packet in: 32768 bytes
DEB [20230716-20:28:21.649] thr=1   paramiko.transport: [chan 6] Max packet out: 32768 bytes
DEB [20230716-20:28:21.649] thr=1   paramiko.transport: Secsh channel 6 opened.
DEB [20230716-20:28:21.947] thr=1   paramiko.transport: [chan 6] Sesch channel 6 request ok
DEB [20230716-20:28:22.240] thr=1   paramiko.transport: [chan 6] Sesch channel 6 request ok
DEB [20230716-20:28:22.267] thr=1   paramiko.transport: [chan 6] EOF received (6)
DEB [20230716-20:28:22.268] thr=1   paramiko.transport: [chan 6] EOF sent (6)
DEB [20230716-20:28:22.273] thr=2   paramiko.transport: [chan 7] Max packet in: 32768 bytes
DEB [20230716-20:28:22.817] thr=1   paramiko.transport: [chan 7] Max packet out: 32768 bytes
DEB [20230716-20:28:22.817] thr=1   paramiko.transport: Secsh channel 7 opened.
DEB [20230716-20:28:23.086] thr=1   paramiko.transport: [chan 7] Sesch channel 7 request ok
DEB [20230716-20:28:23.394] thr=1   paramiko.transport: [chan 7] Sesch channel 7 request ok
DEB [20230716-20:28:23.633] thr=1   paramiko.transport: [chan 7] EOF received (7)
DEB [20230716-20:28:23.633] thr=1   paramiko.transport: [chan 7] EOF sent (7)
DEB [20230716-20:28:23.635] thr=2   paramiko.transport: [chan 8] Max packet in: 32768 bytes
DEB [20230716-20:28:24.224] thr=1   paramiko.transport: [chan 8] Max packet out: 32768 bytes
DEB [20230716-20:28:24.225] thr=1   paramiko.transport: Secsh channel 8 opened.
DEB [20230716-20:28:24.518] thr=1   paramiko.transport: [chan 8] Sesch channel 8 request ok
DEB [20230716-20:28:24.791] thr=1   paramiko.transport: [chan 8] Sesch channel 8 request ok
DEB [20230716-20:28:24.961] thr=1   paramiko.transport: [chan 8] EOF received (8)
DEB [20230716-20:28:24.962] thr=1   paramiko.transport: [chan 8] EOF sent (8)
DEB [20230716-20:28:25.311] thr=3   paramiko.transport: starting thread (client mode): 0x705764c0
DEB [20230716-20:28:25.311] thr=3   paramiko.transport: Local version/idstring: SSH-2.0-paramiko_2.12.0
DEB [20230716-20:28:25.594] thr=3   paramiko.transport: Remote version/idstring: SSH-2.0-OpenSSH_8.2p1 Ubuntu-4ubuntu0.7
INF [20230716-20:28:25.594] thr=3   paramiko.transport: Connected (version 2.0, client OpenSSH_8.2p1)
DEB [20230716-20:28:25.903] thr=3   paramiko.transport: === Key exchange possibilities ===
DEB [20230716-20:28:25.903] thr=3   paramiko.transport: kex algos: curve25519-sha256, curve25519-sha256@libssh.org, ecdh-sha2-nistp256, ecdh-sha2-nistp384, ecdh-sha2-nistp521, diffie-hellman-group-exchange-sha256, diffie-hellman-group16-sha512, diffie-hellman-group18-sha512, diffie-hellman-group14-sha256
DEB [20230716-20:28:25.903] thr=3   paramiko.transport: server key: rsa-sha2-512, rsa-sha2-256, ssh-rsa, ecdsa-sha2-nistp256, ssh-ed25519
DEB [20230716-20:28:25.903] thr=3   paramiko.transport: client encrypt: chacha20-poly1305@openssh.com, aes128-ctr, aes192-ctr, aes256-ctr, aes128-gcm@openssh.com, aes256-gcm@openssh.com
DEB [20230716-20:28:25.903] thr=3   paramiko.transport: server encrypt: chacha20-poly1305@openssh.com, aes128-ctr, aes192-ctr, aes256-ctr, aes128-gcm@openssh.com, aes256-gcm@openssh.com
DEB [20230716-20:28:25.903] thr=3   paramiko.transport: client mac: umac-64-etm@openssh.com, umac-128-etm@openssh.com, hmac-sha2-256-etm@openssh.com, hmac-sha2-512-etm@openssh.com, hmac-sha1-etm@openssh.com, umac-64@openssh.com, umac-128@openssh.com, hmac-sha2-256, hmac-sha2-512, hmac-sha1
DEB [20230716-20:28:25.903] thr=3   paramiko.transport: server mac: umac-64-etm@openssh.com, umac-128-etm@openssh.com, hmac-sha2-256-etm@openssh.com, hmac-sha2-512-etm@openssh.com, hmac-sha1-etm@openssh.com, umac-64@openssh.com, umac-128@openssh.com, hmac-sha2-256, hmac-sha2-512, hmac-sha1
DEB [20230716-20:28:25.904] thr=3   paramiko.transport: client compress: none, zlib@openssh.com
DEB [20230716-20:28:25.904] thr=3   paramiko.transport: server compress: none, zlib@openssh.com
DEB [20230716-20:28:25.904] thr=3   paramiko.transport: client lang: <none>
DEB [20230716-20:28:25.904] thr=3   paramiko.transport: server lang: <none>
DEB [20230716-20:28:25.904] thr=3   paramiko.transport: kex follows: False
DEB [20230716-20:28:25.904] thr=3   paramiko.transport: === Key exchange agreements ===
DEB [20230716-20:28:25.904] thr=3   paramiko.transport: Kex: curve25519-sha256@libssh.org
DEB [20230716-20:28:25.904] thr=3   paramiko.transport: HostKey: ecdsa-sha2-nistp256
DEB [20230716-20:28:25.904] thr=3   paramiko.transport: Cipher: aes128-ctr
DEB [20230716-20:28:25.904] thr=3   paramiko.transport: MAC: hmac-sha2-256
DEB [20230716-20:28:25.905] thr=3   paramiko.transport: Compression: none
DEB [20230716-20:28:25.905] thr=3   paramiko.transport: === End of kex handshake ===
DEB [20230716-20:28:26.204] thr=3   paramiko.transport: kex engine KexCurve25519 specified hash_algo <built-in function openssl_sha256>
DEB [20230716-20:28:26.205] thr=3   paramiko.transport: Switch to new keys ...
DEB [20230716-20:28:26.205] thr=3   paramiko.transport: Got EXT_INFO: {'server-sig-algs': b'ssh-ed25519,sk-ssh-ed25519@openssh.com,ssh-rsa,rsa-sha2-256,rsa-sha2-512,ssh-dss,ecdsa-sha2-nistp256,ecdsa-sha2-nistp384,ecdsa-sha2-nistp521,sk-ecdsa-sha2-nistp256@openssh.com'}
DEB [20230716-20:28:26.207] thr=2   paramiko.transport: Trying discovered key b'ab82043dc3a47e4b372fff3254c04350' in /home/ussumane/.ssh/id_rsa
DEB [20230716-20:28:26.876] thr=3   paramiko.transport: userauth is OK
DEB [20230716-20:28:26.876] thr=3   paramiko.transport: Finalizing pubkey algorithm for key of type 'ssh-rsa'
DEB [20230716-20:28:26.876] thr=3   paramiko.transport: Our pubkey algorithm list: ['rsa-sha2-512', 'rsa-sha2-256', 'ssh-rsa']
DEB [20230716-20:28:26.876] thr=3   paramiko.transport: Server-side algorithm list: ['ssh-ed25519', 'sk-ssh-ed25519@openssh.com', 'ssh-rsa', 'rsa-sha2-256', 'rsa-sha2-512', 'ssh-dss', 'ecdsa-sha2-nistp256', 'ecdsa-sha2-nistp384', 'ecdsa-sha2-nistp521', 'sk-ecdsa-sha2-nistp256@openssh.com']
DEB [20230716-20:28:26.876] thr=3   paramiko.transport: Agreed upon 'rsa-sha2-512' pubkey algorithm
INF [20230716-20:28:27.170] thr=3   paramiko.transport: Authentication (publickey) successful!
DEB [20230716-20:28:27.171] thr=2   paramiko.transport: [chan 0] Max packet in: 32768 bytes
DEB [20230716-20:28:27.980] thr=3   paramiko.transport: Received global request "hostkeys-00@openssh.com"
DEB [20230716-20:28:27.980] thr=3   paramiko.transport: Rejecting "hostkeys-00@openssh.com" global request from server.
DEB [20230716-20:28:27.981] thr=3   paramiko.transport: Debug msg: b'/home/ubuntu/.ssh/authorized_keys:2: key options: agent-forwarding port-forwarding pty user-rc x11-forwarding'
DEB [20230716-20:28:28.469] thr=3   paramiko.transport: [chan 0] Max packet out: 32768 bytes
DEB [20230716-20:28:28.470] thr=3   paramiko.transport: Secsh channel 0 opened.
DEB [20230716-20:28:28.851] thr=3   paramiko.transport: [chan 0] Sesch channel 0 request ok
INF [20230716-20:28:29.198] thr=2   paramiko.transport.sftp: [chan 0] Opened sftp connection (server version 3)
DEB [20230716-20:28:29.198] thr=2   paramiko.transport.sftp: [chan 0] normalize(b'.')
DEB [20230716-20:28:29.532] thr=2   paramiko.transport.sftp: [chan 0] lstat(b'/tmp')
DEB [20230716-20:28:29.814] thr=2   paramiko.transport.sftp: [chan 0] stat(b'/tmp')
DEB [20230716-20:28:30.096] thr=2   paramiko.transport.sftp: [chan 0] open(b'/tmp/web_static_20230716201929.tgz', 'wb')
DEB [20230716-20:28:30.572] thr=2   paramiko.transport.sftp: [chan 0] open(b'/tmp/web_static_20230716201929.tgz', 'wb') -> 00000000
DEB [20230716-20:28:30.575] thr=2   paramiko.transport.sftp: [chan 0] close(00000000)
DEB [20230716-20:28:31.379] thr=2   paramiko.transport.sftp: [chan 0] stat(b'/tmp/web_static_20230716201929.tgz')
INF [20230716-20:28:31.819] thr=2   paramiko.transport.sftp: [chan 0] sftp session closed.
DEB [20230716-20:28:31.819] thr=2   paramiko.transport: [chan 0] EOF sent (0)
DEB [20230716-20:28:31.820] thr=2   paramiko.transport: [chan 1] Max packet in: 32768 bytes
DEB [20230716-20:28:32.071] thr=3   paramiko.transport: [chan 0] EOF received (0)
DEB [20230716-20:28:32.324] thr=3   paramiko.transport: [chan 1] Max packet out: 32768 bytes
DEB [20230716-20:28:32.324] thr=3   paramiko.transport: Secsh channel 1 opened.
DEB [20230716-20:28:32.624] thr=3   paramiko.transport: [chan 1] Sesch channel 1 request ok
DEB [20230716-20:28:32.897] thr=3   paramiko.transport: [chan 1] Sesch channel 1 request ok
DEB [20230716-20:28:33.005] thr=3   paramiko.transport: [chan 1] EOF received (1)
DEB [20230716-20:28:33.005] thr=3   paramiko.transport: [chan 1] EOF sent (1)
DEB [20230716-20:28:33.014] thr=2   paramiko.transport: [chan 2] Max packet in: 32768 bytes
DEB [20230716-20:28:33.567] thr=3   paramiko.transport: [chan 2] Max packet out: 32768 bytes
DEB [20230716-20:28:33.568] thr=3   paramiko.transport: Secsh channel 2 opened.
DEB [20230716-20:28:33.889] thr=3   paramiko.transport: [chan 2] Sesch channel 2 request ok
DEB [20230716-20:28:34.181] thr=3   paramiko.transport: [chan 2] Sesch channel 2 request ok
DEB [20230716-20:28:34.213] thr=3   paramiko.transport: [chan 2] EOF received (2)
DEB [20230716-20:28:34.214] thr=3   paramiko.transport: [chan 2] EOF sent (2)
DEB [20230716-20:28:34.215] thr=2   paramiko.transport: [chan 3] Max packet in: 32768 bytes
DEB [20230716-20:28:34.879] thr=3   paramiko.transport: [chan 3] Max packet out: 32768 bytes
DEB [20230716-20:28:34.879] thr=3   paramiko.transport: Secsh channel 3 opened.
DEB [20230716-20:28:35.167] thr=3   paramiko.transport: [chan 3] Sesch channel 3 request ok
DEB [20230716-20:28:35.801] thr=3   paramiko.transport: [chan 3] Sesch channel 3 request ok
DEB [20230716-20:28:35.811] thr=3   paramiko.transport: [chan 3] EOF received (3)
DEB [20230716-20:28:35.812] thr=3   paramiko.transport: [chan 3] EOF sent (3)
DEB [20230716-20:28:35.814] thr=2   paramiko.transport: [chan 4] Max packet in: 32768 bytes
DEB [20230716-20:28:36.561] thr=3   paramiko.transport: [chan 4] Max packet out: 32768 bytes
DEB [20230716-20:28:36.561] thr=3   paramiko.transport: Secsh channel 4 opened.
DEB [20230716-20:28:36.887] thr=3   paramiko.transport: [chan 4] Sesch channel 4 request ok
DEB [20230716-20:28:37.205] thr=3   paramiko.transport: [chan 4] Sesch channel 4 request ok
DEB [20230716-20:28:37.220] thr=3   paramiko.transport: [chan 4] EOF received (4)
DEB [20230716-20:28:37.221] thr=3   paramiko.transport: [chan 4] EOF sent (4)
DEB [20230716-20:28:37.228] thr=2   paramiko.transport: [chan 5] Max packet in: 32768 bytes
DEB [20230716-20:28:37.965] thr=3   paramiko.transport: [chan 5] Max packet out: 32768 bytes
DEB [20230716-20:28:37.966] thr=3   paramiko.transport: Secsh channel 5 opened.
DEB [20230716-20:28:38.299] thr=3   paramiko.transport: [chan 5] Sesch channel 5 request ok
DEB [20230716-20:28:38.613] thr=3   paramiko.transport: [chan 5] Sesch channel 5 request ok
DEB [20230716-20:28:38.623] thr=3   paramiko.transport: [chan 5] EOF received (5)
DEB [20230716-20:28:38.623] thr=3   paramiko.transport: [chan 5] EOF sent (5)
DEB [20230716-20:28:38.625] thr=2   paramiko.transport: [chan 6] Max packet in: 32768 bytes
DEB [20230716-20:28:39.368] thr=3   paramiko.transport: [chan 6] Max packet out: 32768 bytes
DEB [20230716-20:28:39.369] thr=3   paramiko.transport: Secsh channel 6 opened.
DEB [20230716-20:28:39.785] thr=3   paramiko.transport: [chan 6] Sesch channel 6 request ok
DEB [20230716-20:28:40.110] thr=3   paramiko.transport: [chan 6] Sesch channel 6 request ok
DEB [20230716-20:28:40.133] thr=3   paramiko.transport: [chan 6] EOF received (6)
DEB [20230716-20:28:40.134] thr=3   paramiko.transport: [chan 6] EOF sent (6)
DEB [20230716-20:28:40.138] thr=2   paramiko.transport: [chan 7] Max packet in: 32768 bytes
DEB [20230716-20:28:40.990] thr=3   paramiko.transport: [chan 7] Max packet out: 32768 bytes
DEB [20230716-20:28:40.991] thr=3   paramiko.transport: Secsh channel 7 opened.
DEB [20230716-20:28:41.295] thr=3   paramiko.transport: [chan 7] Sesch channel 7 request ok
DEB [20230716-20:28:41.615] thr=3   paramiko.transport: [chan 7] Sesch channel 7 request ok
DEB [20230716-20:28:41.621] thr=3   paramiko.transport: [chan 7] EOF received (7)
DEB [20230716-20:28:41.622] thr=3   paramiko.transport: [chan 7] EOF sent (7)
DEB [20230716-20:28:41.628] thr=2   paramiko.transport: [chan 8] Max packet in: 32768 bytes
DEB [20230716-20:28:42.277] thr=3   paramiko.transport: [chan 8] Max packet out: 32768 bytes
DEB [20230716-20:28:42.277] thr=3   paramiko.transport: Secsh channel 8 opened.
DEB [20230716-20:28:42.545] thr=3   paramiko.transport: [chan 8] Sesch channel 8 request ok
DEB [20230716-20:28:42.802] thr=3   paramiko.transport: [chan 8] Sesch channel 8 request ok
DEB [20230716-20:28:42.950] thr=3   paramiko.transport: [chan 8] EOF received (8)
DEB [20230716-20:28:42.950] thr=3   paramiko.transport: [chan 8] EOF sent (8)
DEB [20230716-20:28:43.037] thr=1   paramiko.transport: EOF in transport thread
DEB [20230716-21:08:52.737] thr=1   paramiko.transport: starting thread (client mode): 0xaf06b280
DEB [20230716-21:08:52.737] thr=1   paramiko.transport: Local version/idstring: SSH-2.0-paramiko_2.12.0
DEB [20230716-21:08:53.002] thr=1   paramiko.transport: Remote version/idstring: SSH-2.0-OpenSSH_8.2p1 Ubuntu-4ubuntu0.7
INF [20230716-21:08:53.002] thr=1   paramiko.transport: Connected (version 2.0, client OpenSSH_8.2p1)
DEB [20230716-21:08:53.347] thr=1   paramiko.transport: === Key exchange possibilities ===
DEB [20230716-21:08:53.347] thr=1   paramiko.transport: kex algos: curve25519-sha256, curve25519-sha256@libssh.org, ecdh-sha2-nistp256, ecdh-sha2-nistp384, ecdh-sha2-nistp521, diffie-hellman-group-exchange-sha256, diffie-hellman-group16-sha512, diffie-hellman-group18-sha512, diffie-hellman-group14-sha256
DEB [20230716-21:08:53.347] thr=1   paramiko.transport: server key: rsa-sha2-512, rsa-sha2-256, ssh-rsa, ecdsa-sha2-nistp256, ssh-ed25519
DEB [20230716-21:08:53.347] thr=1   paramiko.transport: client encrypt: chacha20-poly1305@openssh.com, aes128-ctr, aes192-ctr, aes256-ctr, aes128-gcm@openssh.com, aes256-gcm@openssh.com
DEB [20230716-21:08:53.347] thr=1   paramiko.transport: server encrypt: chacha20-poly1305@openssh.com, aes128-ctr, aes192-ctr, aes256-ctr, aes128-gcm@openssh.com, aes256-gcm@openssh.com
DEB [20230716-21:08:53.347] thr=1   paramiko.transport: client mac: umac-64-etm@openssh.com, umac-128-etm@openssh.com, hmac-sha2-256-etm@openssh.com, hmac-sha2-512-etm@openssh.com, hmac-sha1-etm@openssh.com, umac-64@openssh.com, umac-128@openssh.com, hmac-sha2-256, hmac-sha2-512, hmac-sha1
DEB [20230716-21:08:53.348] thr=1   paramiko.transport: server mac: umac-64-etm@openssh.com, umac-128-etm@openssh.com, hmac-sha2-256-etm@openssh.com, hmac-sha2-512-etm@openssh.com, hmac-sha1-etm@openssh.com, umac-64@openssh.com, umac-128@openssh.com, hmac-sha2-256, hmac-sha2-512, hmac-sha1
DEB [20230716-21:08:53.348] thr=1   paramiko.transport: client compress: none, zlib@openssh.com
DEB [20230716-21:08:53.348] thr=1   paramiko.transport: server compress: none, zlib@openssh.com
DEB [20230716-21:08:53.348] thr=1   paramiko.transport: client lang: <none>
DEB [20230716-21:08:53.348] thr=1   paramiko.transport: server lang: <none>
DEB [20230716-21:08:53.348] thr=1   paramiko.transport: kex follows: False
DEB [20230716-21:08:53.348] thr=1   paramiko.transport: === Key exchange agreements ===
DEB [20230716-21:08:53.348] thr=1   paramiko.transport: Kex: curve25519-sha256@libssh.org
DEB [20230716-21:08:53.348] thr=1   paramiko.transport: HostKey: ecdsa-sha2-nistp256
DEB [20230716-21:08:53.348] thr=1   paramiko.transport: Cipher: aes128-ctr
DEB [20230716-21:08:53.348] thr=1   paramiko.transport: MAC: hmac-sha2-256
DEB [20230716-21:08:53.348] thr=1   paramiko.transport: Compression: none
DEB [20230716-21:08:53.348] thr=1   paramiko.transport: === End of kex handshake ===
DEB [20230716-21:08:53.819] thr=1   paramiko.transport: kex engine KexCurve25519 specified hash_algo <built-in function openssl_sha256>
DEB [20230716-21:08:53.819] thr=1   paramiko.transport: Switch to new keys ...
DEB [20230716-21:08:53.820] thr=1   paramiko.transport: Got EXT_INFO: {'server-sig-algs': b'ssh-ed25519,sk-ssh-ed25519@openssh.com,ssh-rsa,rsa-sha2-256,rsa-sha2-512,ssh-dss,ecdsa-sha2-nistp256,ecdsa-sha2-nistp384,ecdsa-sha2-nistp521,sk-ecdsa-sha2-nistp256@openssh.com'}
DEB [20230716-21:08:53.824] thr=2   paramiko.transport: Trying discovered key b'ab82043dc3a47e4b372fff3254c04350' in /home/ussumane/.ssh/id_rsa
DEB [20230716-21:08:54.717] thr=1   paramiko.transport: userauth is OK
DEB [20230716-21:08:54.718] thr=1   paramiko.transport: Finalizing pubkey algorithm for key of type 'ssh-rsa'
DEB [20230716-21:08:54.718] thr=1   paramiko.transport: Our pubkey algorithm list: ['rsa-sha2-512', 'rsa-sha2-256', 'ssh-rsa']
DEB [20230716-21:08:54.718] thr=1   paramiko.transport: Server-side algorithm list: ['ssh-ed25519', 'sk-ssh-ed25519@openssh.com', 'ssh-rsa', 'rsa-sha2-256', 'rsa-sha2-512', 'ssh-dss', 'ecdsa-sha2-nistp256', 'ecdsa-sha2-nistp384', 'ecdsa-sha2-nistp521', 'sk-ecdsa-sha2-nistp256@openssh.com']
DEB [20230716-21:08:54.718] thr=1   paramiko.transport: Agreed upon 'rsa-sha2-512' pubkey algorithm
INF [20230716-21:08:55.117] thr=1   paramiko.transport: Authentication (publickey) successful!
DEB [20230716-21:08:55.117] thr=2   paramiko.transport: [chan 0] Max packet in: 32768 bytes
DEB [20230716-21:08:55.533] thr=1   paramiko.transport: Received global request "hostkeys-00@openssh.com"
DEB [20230716-21:08:55.533] thr=1   paramiko.transport: Rejecting "hostkeys-00@openssh.com" global request from server.
DEB [20230716-21:08:55.533] thr=1   paramiko.transport: Debug msg: b'/home/ubuntu/.ssh/authorized_keys:2: key options: agent-forwarding port-forwarding pty user-rc x11-forwarding'
DEB [20230716-21:08:55.943] thr=1   paramiko.transport: [chan 0] Max packet out: 32768 bytes
DEB [20230716-21:08:55.944] thr=1   paramiko.transport: Secsh channel 0 opened.
DEB [20230716-21:08:56.208] thr=1   paramiko.transport: [chan 0] Sesch channel 0 request ok
INF [20230716-21:08:56.463] thr=2   paramiko.transport.sftp: [chan 0] Opened sftp connection (server version 3)
DEB [20230716-21:08:56.463] thr=2   paramiko.transport.sftp: [chan 0] normalize(b'.')
DEB [20230716-21:08:57.094] thr=2   paramiko.transport.sftp: [chan 0] lstat(b'/tmp')
DEB [20230716-21:08:57.631] thr=2   paramiko.transport.sftp: [chan 0] stat(b'/tmp')
DEB [20230716-21:08:58.132] thr=2   paramiko.transport.sftp: [chan 0] open(b'/tmp/web_static_20230716201929.tgz', 'wb')
DEB [20230716-21:08:58.483] thr=2   paramiko.transport.sftp: [chan 0] open(b'/tmp/web_static_20230716201929.tgz', 'wb') -> 00000000
DEB [20230716-21:08:58.485] thr=2   paramiko.transport.sftp: [chan 0] close(00000000)
DEB [20230716-21:08:59.261] thr=2   paramiko.transport.sftp: [chan 0] stat(b'/tmp/web_static_20230716201929.tgz')
INF [20230716-21:08:59.587] thr=2   paramiko.transport.sftp: [chan 0] sftp session closed.
DEB [20230716-21:08:59.587] thr=2   paramiko.transport: [chan 0] EOF sent (0)
DEB [20230716-21:08:59.588] thr=2   paramiko.transport: [chan 1] Max packet in: 32768 bytes
DEB [20230716-21:08:59.941] thr=1   paramiko.transport: [chan 0] EOF received (0)
DEB [20230716-21:09:00.557] thr=1   paramiko.transport: [chan 1] Max packet out: 32768 bytes
DEB [20230716-21:09:00.557] thr=1   paramiko.transport: Secsh channel 1 opened.
DEB [20230716-21:09:01.067] thr=1   paramiko.transport: [chan 1] Sesch channel 1 request ok
DEB [20230716-21:09:01.553] thr=1   paramiko.transport: [chan 1] Sesch channel 1 request ok
DEB [20230716-21:09:01.555] thr=1   paramiko.transport: [chan 1] EOF received (1)
DEB [20230716-21:09:01.557] thr=2   paramiko.transport: [chan 1] EOF sent (1)
DEB [20230716-21:09:01.879] thr=2   paramiko.transport: [chan 2] Max packet in: 32768 bytes
DEB [20230716-21:09:02.909] thr=1   paramiko.transport: [chan 2] Max packet out: 32768 bytes
DEB [20230716-21:09:02.909] thr=1   paramiko.transport: Secsh channel 2 opened.
DEB [20230716-21:09:03.239] thr=1   paramiko.transport: [chan 2] Sesch channel 2 request ok
DEB [20230716-21:09:03.785] thr=1   paramiko.transport: [chan 2] Sesch channel 2 request ok
DEB [20230716-21:09:03.786] thr=1   paramiko.transport: [chan 2] EOF received (2)
DEB [20230716-21:09:03.786] thr=1   paramiko.transport: [chan 2] EOF sent (2)
DEB [20230716-21:09:03.788] thr=2   paramiko.transport: [chan 3] Max packet in: 32768 bytes
DEB [20230716-21:09:04.562] thr=1   paramiko.transport: [chan 3] Max packet out: 32768 bytes
DEB [20230716-21:09:04.563] thr=1   paramiko.transport: Secsh channel 3 opened.
DEB [20230716-21:09:04.891] thr=1   paramiko.transport: [chan 3] Sesch channel 3 request ok
DEB [20230716-21:09:05.193] thr=1   paramiko.transport: [chan 3] Sesch channel 3 request ok
DEB [20230716-21:09:05.198] thr=1   paramiko.transport: [chan 3] EOF received (3)
DEB [20230716-21:09:05.198] thr=1   paramiko.transport: [chan 3] EOF sent (3)
DEB [20230716-21:09:05.206] thr=2   paramiko.transport: [chan 4] Max packet in: 32768 bytes
DEB [20230716-21:09:05.776] thr=1   paramiko.transport: [chan 4] Max packet out: 32768 bytes
DEB [20230716-21:09:05.776] thr=1   paramiko.transport: Secsh channel 4 opened.
DEB [20230716-21:09:06.125] thr=1   paramiko.transport: [chan 4] Sesch channel 4 request ok
DEB [20230716-21:09:06.433] thr=1   paramiko.transport: [chan 4] Sesch channel 4 request ok
DEB [20230716-21:09:06.445] thr=1   paramiko.transport: [chan 4] EOF received (4)
DEB [20230716-21:09:06.446] thr=1   paramiko.transport: [chan 4] EOF sent (4)
DEB [20230716-21:09:06.456] thr=2   paramiko.transport: [chan 5] Max packet in: 32768 bytes
DEB [20230716-21:09:07.038] thr=1   paramiko.transport: [chan 5] Max packet out: 32768 bytes
DEB [20230716-21:09:07.039] thr=1   paramiko.transport: Secsh channel 5 opened.
DEB [20230716-21:09:07.373] thr=1   paramiko.transport: [chan 5] Sesch channel 5 request ok
DEB [20230716-21:09:07.725] thr=1   paramiko.transport: [chan 5] Sesch channel 5 request ok
DEB [20230716-21:09:07.739] thr=1   paramiko.transport: [chan 5] EOF received (5)
DEB [20230716-21:09:07.739] thr=1   paramiko.transport: [chan 5] EOF sent (5)
DEB [20230716-21:09:07.748] thr=2   paramiko.transport: [chan 6] Max packet in: 32768 bytes
DEB [20230716-21:09:08.581] thr=1   paramiko.transport: [chan 6] Max packet out: 32768 bytes
DEB [20230716-21:09:08.581] thr=1   paramiko.transport: Secsh channel 6 opened.
DEB [20230716-21:09:08.945] thr=1   paramiko.transport: [chan 6] Sesch channel 6 request ok
DEB [20230716-21:09:09.238] thr=1   paramiko.transport: [chan 6] Sesch channel 6 request ok
DEB [20230716-21:09:09.289] thr=1   paramiko.transport: [chan 6] EOF received (6)
DEB [20230716-21:09:09.290] thr=1   paramiko.transport: [chan 6] EOF sent (6)
DEB [20230716-21:09:09.291] thr=2   paramiko.transport: [chan 7] Max packet in: 32768 bytes
DEB [20230716-21:09:10.056] thr=1   paramiko.transport: [chan 7] Max packet out: 32768 bytes
DEB [20230716-21:09:10.057] thr=1   paramiko.transport: Secsh channel 7 opened.
DEB [20230716-21:09:10.432] thr=1   paramiko.transport: [chan 7] Sesch channel 7 request ok
DEB [20230716-21:09:10.881] thr=1   paramiko.transport: [chan 7] Sesch channel 7 request ok
DEB [20230716-21:09:10.899] thr=1   paramiko.transport: [chan 7] EOF received (7)
DEB [20230716-21:09:10.900] thr=1   paramiko.transport: [chan 7] EOF sent (7)
DEB [20230716-21:09:10.903] thr=2   paramiko.transport: [chan 8] Max packet in: 32768 bytes
DEB [20230716-21:09:11.742] thr=1   paramiko.transport: [chan 8] Max packet out: 32768 bytes
DEB [20230716-21:09:11.743] thr=1   paramiko.transport: Secsh channel 8 opened.
DEB [20230716-21:09:12.212] thr=1   paramiko.transport: [chan 8] Sesch channel 8 request ok
DEB [20230716-21:09:12.617] thr=1   paramiko.transport: [chan 8] Sesch channel 8 request ok
DEB [20230716-21:09:12.802] thr=1   paramiko.transport: [chan 8] EOF received (8)
DEB [20230716-21:09:12.802] thr=1   paramiko.transport: [chan 8] EOF sent (8)
DEB [20230716-21:09:13.497] thr=3   paramiko.transport: starting thread (client mode): 0xacf7d490
DEB [20230716-21:09:13.498] thr=3   paramiko.transport: Local version/idstring: SSH-2.0-paramiko_2.12.0
DEB [20230716-21:09:14.017] thr=3   paramiko.transport: Remote version/idstring: SSH-2.0-OpenSSH_8.2p1 Ubuntu-4ubuntu0.7
INF [20230716-21:09:14.017] thr=3   paramiko.transport: Connected (version 2.0, client OpenSSH_8.2p1)
DEB [20230716-21:09:14.524] thr=3   paramiko.transport: === Key exchange possibilities ===
DEB [20230716-21:09:14.525] thr=3   paramiko.transport: kex algos: curve25519-sha256, curve25519-sha256@libssh.org, ecdh-sha2-nistp256, ecdh-sha2-nistp384, ecdh-sha2-nistp521, diffie-hellman-group-exchange-sha256, diffie-hellman-group16-sha512, diffie-hellman-group18-sha512, diffie-hellman-group14-sha256
DEB [20230716-21:09:14.525] thr=3   paramiko.transport: server key: rsa-sha2-512, rsa-sha2-256, ssh-rsa, ecdsa-sha2-nistp256, ssh-ed25519
DEB [20230716-21:09:14.525] thr=3   paramiko.transport: client encrypt: chacha20-poly1305@openssh.com, aes128-ctr, aes192-ctr, aes256-ctr, aes128-gcm@openssh.com, aes256-gcm@openssh.com
DEB [20230716-21:09:14.525] thr=3   paramiko.transport: server encrypt: chacha20-poly1305@openssh.com, aes128-ctr, aes192-ctr, aes256-ctr, aes128-gcm@openssh.com, aes256-gcm@openssh.com
DEB [20230716-21:09:14.525] thr=3   paramiko.transport: client mac: umac-64-etm@openssh.com, umac-128-etm@openssh.com, hmac-sha2-256-etm@openssh.com, hmac-sha2-512-etm@openssh.com, hmac-sha1-etm@openssh.com, umac-64@openssh.com, umac-128@openssh.com, hmac-sha2-256, hmac-sha2-512, hmac-sha1
DEB [20230716-21:09:14.525] thr=3   paramiko.transport: server mac: umac-64-etm@openssh.com, umac-128-etm@openssh.com, hmac-sha2-256-etm@openssh.com, hmac-sha2-512-etm@openssh.com, hmac-sha1-etm@openssh.com, umac-64@openssh.com, umac-128@openssh.com, hmac-sha2-256, hmac-sha2-512, hmac-sha1
DEB [20230716-21:09:14.525] thr=3   paramiko.transport: client compress: none, zlib@openssh.com
DEB [20230716-21:09:14.525] thr=3   paramiko.transport: server compress: none, zlib@openssh.com
DEB [20230716-21:09:14.525] thr=3   paramiko.transport: client lang: <none>
DEB [20230716-21:09:14.525] thr=3   paramiko.transport: server lang: <none>
DEB [20230716-21:09:14.525] thr=3   paramiko.transport: kex follows: False
DEB [20230716-21:09:14.525] thr=3   paramiko.transport: === Key exchange agreements ===
DEB [20230716-21:09:14.525] thr=3   paramiko.transport: Kex: curve25519-sha256@libssh.org
DEB [20230716-21:09:14.525] thr=3   paramiko.transport: HostKey: ecdsa-sha2-nistp256
DEB [20230716-21:09:14.525] thr=3   paramiko.transport: Cipher: aes128-ctr
DEB [20230716-21:09:14.525] thr=3   paramiko.transport: MAC: hmac-sha2-256
DEB [20230716-21:09:14.525] thr=3   paramiko.transport: Compression: none
DEB [20230716-21:09:14.525] thr=3   paramiko.transport: === End of kex handshake ===
DEB [20230716-21:09:15.056] thr=3   paramiko.transport: kex engine KexCurve25519 specified hash_algo <built-in function openssl_sha256>
DEB [20230716-21:09:15.057] thr=3   paramiko.transport: Switch to new keys ...
DEB [20230716-21:09:15.057] thr=3   paramiko.transport: Got EXT_INFO: {'server-sig-algs': b'ssh-ed25519,sk-ssh-ed25519@openssh.com,ssh-rsa,rsa-sha2-256,rsa-sha2-512,ssh-dss,ecdsa-sha2-nistp256,ecdsa-sha2-nistp384,ecdsa-sha2-nistp521,sk-ecdsa-sha2-nistp256@openssh.com'}
DEB [20230716-21:09:15.061] thr=2   paramiko.transport: Trying discovered key b'ab82043dc3a47e4b372fff3254c04350' in /home/ussumane/.ssh/id_rsa
DEB [20230716-21:09:15.805] thr=3   paramiko.transport: userauth is OK
DEB [20230716-21:09:15.805] thr=3   paramiko.transport: Finalizing pubkey algorithm for key of type 'ssh-rsa'
DEB [20230716-21:09:15.806] thr=3   paramiko.transport: Our pubkey algorithm list: ['rsa-sha2-512', 'rsa-sha2-256', 'ssh-rsa']
DEB [20230716-21:09:15.806] thr=3   paramiko.transport: Server-side algorithm list: ['ssh-ed25519', 'sk-ssh-ed25519@openssh.com', 'ssh-rsa', 'rsa-sha2-256', 'rsa-sha2-512', 'ssh-dss', 'ecdsa-sha2-nistp256', 'ecdsa-sha2-nistp384', 'ecdsa-sha2-nistp521', 'sk-ecdsa-sha2-nistp256@openssh.com']
DEB [20230716-21:09:15.806] thr=3   paramiko.transport: Agreed upon 'rsa-sha2-512' pubkey algorithm
INF [20230716-21:09:16.174] thr=3   paramiko.transport: Authentication (publickey) successful!
DEB [20230716-21:09:16.175] thr=2   paramiko.transport: [chan 0] Max packet in: 32768 bytes
DEB [20230716-21:09:16.698] thr=3   paramiko.transport: Received global request "hostkeys-00@openssh.com"
DEB [20230716-21:09:16.698] thr=3   paramiko.transport: Rejecting "hostkeys-00@openssh.com" global request from server.
DEB [20230716-21:09:16.698] thr=3   paramiko.transport: Debug msg: b'/home/ubuntu/.ssh/authorized_keys:2: key options: agent-forwarding port-forwarding pty user-rc x11-forwarding'
DEB [20230716-21:09:17.011] thr=3   paramiko.transport: [chan 0] Max packet out: 32768 bytes
DEB [20230716-21:09:17.011] thr=3   paramiko.transport: Secsh channel 0 opened.
DEB [20230716-21:09:17.271] thr=3   paramiko.transport: [chan 0] Sesch channel 0 request ok
INF [20230716-21:09:17.616] thr=2   paramiko.transport.sftp: [chan 0] Opened sftp connection (server version 3)
DEB [20230716-21:09:17.616] thr=2   paramiko.transport.sftp: [chan 0] normalize(b'.')
DEB [20230716-21:09:18.011] thr=2   paramiko.transport.sftp: [chan 0] lstat(b'/tmp')
DEB [20230716-21:09:18.351] thr=2   paramiko.transport.sftp: [chan 0] stat(b'/tmp')
DEB [20230716-21:09:18.707] thr=2   paramiko.transport.sftp: [chan 0] open(b'/tmp/web_static_20230716201929.tgz', 'wb')
DEB [20230716-21:09:19.066] thr=2   paramiko.transport.sftp: [chan 0] open(b'/tmp/web_static_20230716201929.tgz', 'wb') -> 00000000
DEB [20230716-21:09:19.067] thr=2   paramiko.transport.sftp: [chan 0] close(00000000)
DEB [20230716-21:09:19.952] thr=2   paramiko.transport.sftp: [chan 0] stat(b'/tmp/web_static_20230716201929.tgz')
INF [20230716-21:09:20.321] thr=2   paramiko.transport.sftp: [chan 0] sftp session closed.
DEB [20230716-21:09:20.321] thr=2   paramiko.transport: [chan 0] EOF sent (0)
DEB [20230716-21:09:20.322] thr=2   paramiko.transport: [chan 1] Max packet in: 32768 bytes
DEB [20230716-21:09:20.789] thr=3   paramiko.transport: [chan 0] EOF received (0)
DEB [20230716-21:09:21.286] thr=3   paramiko.transport: [chan 1] Max packet out: 32768 bytes
DEB [20230716-21:09:21.286] thr=3   paramiko.transport: Secsh channel 1 opened.
DEB [20230716-21:09:21.738] thr=3   paramiko.transport: [chan 1] Sesch channel 1 request ok
DEB [20230716-21:09:22.133] thr=3   paramiko.transport: [chan 1] Sesch channel 1 request ok
DEB [20230716-21:09:22.135] thr=3   paramiko.transport: [chan 1] EOF received (1)
DEB [20230716-21:09:22.135] thr=3   paramiko.transport: [chan 1] EOF sent (1)
DEB [20230716-21:09:22.136] thr=2   paramiko.transport: [chan 2] Max packet in: 32768 bytes
DEB [20230716-21:09:22.984] thr=3   paramiko.transport: [chan 2] Max packet out: 32768 bytes
DEB [20230716-21:09:22.984] thr=3   paramiko.transport: Secsh channel 2 opened.
DEB [20230716-21:09:23.416] thr=3   paramiko.transport: [chan 2] Sesch channel 2 request ok
DEB [20230716-21:09:23.789] thr=3   paramiko.transport: [chan 2] Sesch channel 2 request ok
DEB [20230716-21:09:23.799] thr=3   paramiko.transport: [chan 2] EOF received (2)
DEB [20230716-21:09:23.800] thr=3   paramiko.transport: [chan 2] EOF sent (2)
DEB [20230716-21:09:23.801] thr=2   paramiko.transport: [chan 3] Max packet in: 32768 bytes
DEB [20230716-21:09:24.414] thr=3   paramiko.transport: [chan 3] Max packet out: 32768 bytes
DEB [20230716-21:09:24.414] thr=3   paramiko.transport: Secsh channel 3 opened.
DEB [20230716-21:09:24.874] thr=3   paramiko.transport: [chan 3] Sesch channel 3 request ok
DEB [20230716-21:09:25.345] thr=3   paramiko.transport: [chan 3] Sesch channel 3 request ok
DEB [20230716-21:09:25.348] thr=3   paramiko.transport: [chan 3] EOF received (3)
DEB [20230716-21:09:25.349] thr=3   paramiko.transport: [chan 3] EOF sent (3)
DEB [20230716-21:09:25.357] thr=2   paramiko.transport: [chan 4] Max packet in: 32768 bytes
DEB [20230716-21:09:26.178] thr=3   paramiko.transport: [chan 4] Max packet out: 32768 bytes
DEB [20230716-21:09:26.178] thr=3   paramiko.transport: Secsh channel 4 opened.
DEB [20230716-21:09:26.464] thr=3   paramiko.transport: [chan 4] Sesch channel 4 request ok
DEB [20230716-21:09:26.753] thr=3   paramiko.transport: [chan 4] Sesch channel 4 request ok
DEB [20230716-21:09:26.813] thr=3   paramiko.transport: [chan 4] EOF received (4)
DEB [20230716-21:09:26.814] thr=3   paramiko.transport: [chan 4] EOF sent (4)
DEB [20230716-21:09:26.817] thr=2   paramiko.transport: [chan 5] Max packet in: 32768 bytes
DEB [20230716-21:09:27.488] thr=3   paramiko.transport: [chan 5] Max packet out: 32768 bytes
DEB [20230716-21:09:27.488] thr=3   paramiko.transport: Secsh channel 5 opened.
DEB [20230716-21:09:27.753] thr=3   paramiko.transport: [chan 5] Sesch channel 5 request ok
DEB [20230716-21:09:28.058] thr=3   paramiko.transport: [chan 5] Sesch channel 5 request ok
DEB [20230716-21:09:28.106] thr=3   paramiko.transport: [chan 5] EOF received (5)
DEB [20230716-21:09:28.107] thr=3   paramiko.transport: [chan 5] EOF sent (5)
DEB [20230716-21:09:28.112] thr=2   paramiko.transport: [chan 6] Max packet in: 32768 bytes
DEB [20230716-21:09:28.825] thr=3   paramiko.transport: [chan 6] Max packet out: 32768 bytes
DEB [20230716-21:09:28.825] thr=3   paramiko.transport: Secsh channel 6 opened.
DEB [20230716-21:09:29.203] thr=3   paramiko.transport: [chan 6] Sesch channel 6 request ok
DEB [20230716-21:09:29.655] thr=3   paramiko.transport: [chan 6] Sesch channel 6 request ok
DEB [20230716-21:09:29.659] thr=3   paramiko.transport: [chan 6] EOF received (6)
DEB [20230716-21:09:29.660] thr=3   paramiko.transport: [chan 6] EOF sent (6)
DEB [20230716-21:09:29.667] thr=2   paramiko.transport: [chan 7] Max packet in: 32768 bytes
DEB [20230716-21:09:30.542] thr=3   paramiko.transport: [chan 7] Max packet out: 32768 bytes
DEB [20230716-21:09:30.542] thr=3   paramiko.transport: Secsh channel 7 opened.
DEB [20230716-21:09:31.004] thr=3   paramiko.transport: [chan 7] Sesch channel 7 request ok
DEB [20230716-21:09:31.428] thr=3   paramiko.transport: [chan 7] Sesch channel 7 request ok
DEB [20230716-21:09:31.441] thr=3   paramiko.transport: [chan 7] EOF received (7)
DEB [20230716-21:09:31.442] thr=3   paramiko.transport: [chan 7] EOF sent (7)
DEB [20230716-21:09:31.451] thr=2   paramiko.transport: [chan 8] Max packet in: 32768 bytes
DEB [20230716-21:09:32.440] thr=3   paramiko.transport: [chan 8] Max packet out: 32768 bytes
DEB [20230716-21:09:32.441] thr=3   paramiko.transport: Secsh channel 8 opened.
DEB [20230716-21:09:32.872] thr=3   paramiko.transport: [chan 8] Sesch channel 8 request ok
DEB [20230716-21:09:33.220] thr=3   paramiko.transport: [chan 8] Sesch channel 8 request ok
DEB [20230716-21:09:33.283] thr=3   paramiko.transport: [chan 8] EOF received (8)
DEB [20230716-21:09:33.284] thr=2   paramiko.transport: [chan 8] EOF sent (8)
